#
# There is insufficient memory for the Java Runtime Environment to continue.
# Native memory allocation (malloc) failed to allocate 1048576 bytes. Error detail: AllocateHeap
# Possible reasons:
#   The system is out of physical RAM or swap space
#   This process is running with CompressedOops enabled, and the Java Heap may be blocking the growth of the native heap
# Possible solutions:
#   Reduce memory load on the system
#   Increase physical memory or swap space
#   Check if swap backing store is full
#   Decrease Java heap size (-Xmx/-Xms)
#   Decrease number of Java threads
#   Decrease Java thread stack sizes (-Xss)
#   Set larger code cache with -XX:ReservedCodeCacheSize=
#   JVM is running with Unscaled Compressed Oops mode in which the Java heap is
#     placed in the first 4GB address space. The Java Heap base address is the
#     maximum limit for the native heap growth. Please use -XX:HeapBaseMinAddress
#     to set the Java Heap base and to place the Java Heap above 4GB virtual address.
# This output file may be truncated or incomplete.
#
#  Out of Memory Error (allocation.cpp:44), pid=31212, tid=34284
#
# JRE version:  (17.0.12+7) (build )
# Java VM: OpenJDK 64-Bit Server VM (17.0.12+7-LTS, mixed mode, sharing, tiered, compressed oops, compressed class ptrs, g1 gc, windows-amd64)
# No core dump will be written. Minidumps are not enabled by default on client versions of Windows
#

---------------  S U M M A R Y ------------

Command Line: 

Host: AMD Ryzen 3 5300U with Radeon Graphics         , 8 cores, 7G,  Windows 11 , 64 bit Build 26100 (10.0.26100.3037)
Time: Mon Feb 17 14:03:00 2025 India Standard Time elapsed time: 1.110696 seconds (0d 0h 0m 1s)

---------------  T H R E A D  ---------------

Current thread (0x000002bf8ee2b450):  JavaThread "Unknown thread" [_thread_in_vm, id=34284, stack(0x000000f484600000,0x000000f484700000)]

Stack: [0x000000f484600000,0x000000f484700000]
Native frames: (J=compiled Java code, j=interpreted, Vv=VM code, C=native code)
V  [jvm.dll+0x686d99]
V  [jvm.dll+0x83daf8]
V  [jvm.dll+0x83f5a3]
V  [jvm.dll+0x83fc13]
V  [jvm.dll+0x2492ef]
V  [jvm.dll+0xa7793]
V  [jvm.dll+0x2eae12]
V  [jvm.dll+0x2e298b]
V  [jvm.dll+0x80faab]
V  [jvm.dll+0x370241]
V  [jvm.dll+0x7ee6bf]
V  [jvm.dll+0x3f6ccf]
V  [jvm.dll+0x3f87f1]
C  [jli.dll+0x5284]
C  [ucrtbase.dll+0x37b0]
C  [KERNEL32.DLL+0x2e8d7]
C  [ntdll.dll+0xbbf2c]


---------------  P R O C E S S  ---------------

Threads class SMR info:
_java_thread_list=0x00007ff8a8e7cf98, length=0, elements={
}

Java Threads: ( => current thread )

Other Threads:
  0x000002bf8ee83af0 GCTaskThread "GC Thread#0" [stack: 0x000000f484700000,0x000000f484800000] [id=7684]

[error occurred during error reporting (printing all threads), id 0xc0000005, EXCEPTION_ACCESS_VIOLATION (0xc0000005) at pc=0x00007ff8a862fb30]

VM state: not at safepoint (not fully initialized)

VM Mutex/Monitor currently owned by a thread:  ([mutex/lock_event])
[0x000002bf8ccae7b0] Heap_lock - owner thread: 0x000002bf8ee2b450

Heap address: 0x000000008ac00000, size: 1876 MB, Compressed Oops mode: 32-bit

CDS archive(s) mapped at: [0x0000000000000000-0x0000000000000000-0x0000000000000000), size 0, SharedBaseAddress: 0x0000000800000000, ArchiveRelocationMode: 1.
Narrow klass base: 0x0000000000000000, Narrow klass shift: 0, Narrow klass range: 0x0

GC Precious Log:
<Empty>

Heap:
 garbage-first heap   total 0K, used 0K [0x000000008ac00000, 0x0000000100000000)
  region size 1024K, 0 young (0K), 0 survivors (0K)

[error occurred during error reporting (printing heap information), id 0xc0000005, EXCEPTION_ACCESS_VIOLATION (0xc0000005) at pc=0x00007ff8a8a20a39]

GC Heap History (0 events):
No events

Dll operation events (1 events):
Event: 0.067 Loaded shared library C:\Program Files (x86)\Android\openjdk\jdk-17.0.12\bin\java.dll

Deoptimization events (0 events):
No events

Classes loaded (0 events):
No events

Classes unloaded (0 events):
No events

Classes redefined (0 events):
No events

Internal exceptions (0 events):
No events

VM Operations (0 events):
No events

Events (0 events):
No events


Dynamic libraries:
0x00007ff6429a0000 - 0x00007ff6429ae000 	C:\Program Files (x86)\Android\openjdk\jdk-17.0.12\bin\java.exe
0x00007ff8fb300000 - 0x00007ff8fb563000 	C:\WINDOWS\SYSTEM32\ntdll.dll
0x00007ff8cb910000 - 0x00007ff8cb92a000 	C:\Program Files\Avast Software\Avast\aswhook.dll
0x00007ff8fa260000 - 0x00007ff8fa327000 	C:\WINDOWS\System32\KERNEL32.DLL
0x00007ff8f8930000 - 0x00007ff8f8cf7000 	C:\WINDOWS\System32\KERNELBASE.dll
0x00007ff8f8f30000 - 0x00007ff8f907c000 	C:\WINDOWS\System32\ucrtbase.dll
0x00007ff8d92b0000 - 0x00007ff8d92c7000 	C:\Program Files (x86)\Android\openjdk\jdk-17.0.12\bin\jli.dll
0x00007ff8d9290000 - 0x00007ff8d92ad000 	C:\Program Files (x86)\Android\openjdk\jdk-17.0.12\bin\VCRUNTIME140.dll
0x00007ff8fa6d0000 - 0x00007ff8fa899000 	C:\WINDOWS\System32\USER32.dll
0x00007ff8f86a0000 - 0x00007ff8f86c7000 	C:\WINDOWS\System32\win32u.dll
0x00007ff8cec90000 - 0x00007ff8cef20000 	C:\WINDOWS\WinSxS\amd64_microsoft.windows.common-controls_6595b64144ccf1df_6.0.26100.3037_none_3e09262ce333c378\COMCTL32.dll
0x00007ff8f9230000 - 0x00007ff8f925a000 	C:\WINDOWS\System32\GDI32.dll
0x00007ff8f9c40000 - 0x00007ff8f9ce9000 	C:\WINDOWS\System32\msvcrt.dll
0x00007ff8f8770000 - 0x00007ff8f889b000 	C:\WINDOWS\System32\gdi32full.dll
0x00007ff8f8d00000 - 0x00007ff8f8da3000 	C:\WINDOWS\System32\msvcp_win.dll
0x00007ff8f9390000 - 0x00007ff8f93bf000 	C:\WINDOWS\System32\IMM32.DLL
0x00007ff8edd70000 - 0x00007ff8edd7c000 	C:\Program Files (x86)\Android\openjdk\jdk-17.0.12\bin\vcruntime140_1.dll
0x00007ff8d9200000 - 0x00007ff8d928d000 	C:\Program Files (x86)\Android\openjdk\jdk-17.0.12\bin\msvcp140.dll
0x00007ff8a8340000 - 0x00007ff8a8fb0000 	C:\Program Files (x86)\Android\openjdk\jdk-17.0.12\bin\server\jvm.dll
0x00007ff8fa8a0000 - 0x00007ff8fa954000 	C:\WINDOWS\System32\ADVAPI32.dll
0x00007ff8fa360000 - 0x00007ff8fa406000 	C:\WINDOWS\System32\sechost.dll
0x00007ff8fa4a0000 - 0x00007ff8fa5b6000 	C:\WINDOWS\System32\RPCRT4.dll
0x00007ff8f9d50000 - 0x00007ff8f9dc4000 	C:\WINDOWS\System32\WS2_32.dll
0x00007ff8f23c0000 - 0x00007ff8f23cb000 	C:\WINDOWS\SYSTEM32\VERSION.dll
0x00007ff8f8370000 - 0x00007ff8f83be000 	C:\WINDOWS\SYSTEM32\POWRPROF.dll
0x00007ff8f2380000 - 0x00007ff8f23b6000 	C:\WINDOWS\SYSTEM32\WINMM.dll
0x00007ff8f8350000 - 0x00007ff8f8364000 	C:\WINDOWS\SYSTEM32\UMPDC.dll
0x00007ff8f74d0000 - 0x00007ff8f74ea000 	C:\WINDOWS\SYSTEM32\kernel.appcore.dll
0x00007ff8edd30000 - 0x00007ff8edd3a000 	C:\Program Files (x86)\Android\openjdk\jdk-17.0.12\bin\jimage.dll
0x00007ff8eca20000 - 0x00007ff8ecc61000 	C:\WINDOWS\SYSTEM32\DBGHELP.DLL
0x00007ff8f9680000 - 0x00007ff8f99fe000 	C:\WINDOWS\System32\combase.dll
0x00007ff8fa970000 - 0x00007ff8faa46000 	C:\WINDOWS\System32\OLEAUT32.dll
0x00007ff8ebe20000 - 0x00007ff8ebe59000 	C:\WINDOWS\SYSTEM32\dbgcore.DLL
0x00007ff8f86d0000 - 0x00007ff8f8769000 	C:\WINDOWS\System32\bcryptPrimitives.dll
0x00007ff8d91d0000 - 0x00007ff8d91f5000 	C:\Program Files (x86)\Android\openjdk\jdk-17.0.12\bin\java.dll

dbghelp: loaded successfully - version: 4.0.5 - missing functions: none
symbol engine: initialized successfully - sym options: 0x614 - pdb path: .;C:\Program Files (x86)\Android\openjdk\jdk-17.0.12\bin;C:\WINDOWS\SYSTEM32;C:\Program Files\Avast Software\Avast;C:\WINDOWS\WinSxS\amd64_microsoft.windows.common-controls_6595b64144ccf1df_6.0.26100.3037_none_3e09262ce333c378;C:\Program Files (x86)\Android\openjdk\jdk-17.0.12\bin\server

VM Arguments:
java_command: <unknown>
java_class_path (initial): <not set>
Launcher Type: SUN_STANDARD

[Global flags]
     intx CICompilerCount                          = 4                                         {product} {ergonomic}
     uint ConcGCThreads                            = 2                                         {product} {ergonomic}
     uint G1ConcRefinementThreads                  = 8                                         {product} {ergonomic}
   size_t G1HeapRegionSize                         = 1048576                                   {product} {ergonomic}
    uintx GCDrainStackTargetSize                   = 64                                        {product} {ergonomic}
   size_t InitialHeapSize                          = 123731968                                 {product} {ergonomic}
   size_t MarkStackSize                            = 4194304                                   {product} {ergonomic}
   size_t MaxHeapSize                              = 1967128576                                {product} {ergonomic}
   size_t MinHeapDeltaBytes                        = 1048576                                   {product} {ergonomic}
   size_t MinHeapSize                              = 8388608                                   {product} {ergonomic}
    uintx NonNMethodCodeHeapSize                   = 5839372                                {pd product} {ergonomic}
    uintx NonProfiledCodeHeapSize                  = 122909434                              {pd product} {ergonomic}
    uintx ProfiledCodeHeapSize                     = 122909434                              {pd product} {ergonomic}
    uintx ReservedCodeCacheSize                    = 251658240                              {pd product} {ergonomic}
     bool SegmentedCodeCache                       = true                                      {product} {ergonomic}
   size_t SoftMaxHeapSize                          = 1967128576                             {manageable} {ergonomic}
     bool UseCompressedClassPointers               = true                           {product lp64_product} {ergonomic}
     bool UseCompressedOops                        = true                           {product lp64_product} {ergonomic}
     bool UseG1GC                                  = true                                      {product} {ergonomic}
     bool UseLargePagesIndividualAllocation        = false                                  {pd product} {ergonomic}

Logging:
Log output configuration:
 #0: stdout all=warning uptime,level,tags
 #1: stderr all=off uptime,level,tags

Environment Variables:
PATH=C:\Program Files (x86)\Android\openjdk\jdk-17.0.12\bin;C:\WINDOWS\system32;C:\WINDOWS;C:\WINDOWS\System32\Wbem;C:\WINDOWS\System32\WindowsPowerShell\v1.0\;C:\WINDOWS\System32\OpenSSH\;C:\Program Files\Microsoft SQL Server\150\Tools\Binn\;C:\Program Files\Microsoft SQL Server\Client SDK\ODBC\170\Tools\Binn\;C:\ProgramData\chocolatey\bin;C:\Program Files\dotnet\;C:\Program Files (x86)\Microsoft SQL Server\160\Tools\Binn\;C:\Program Files\Microsoft SQL Server\160\Tools\Binn\;C:\Program Files\Microsoft SQL Server\160\DTS\Binn\;C:\Program Files (x86)\Microsoft SQL Server\160\DTS\Binn\;C:\Program Files\Azure Data Studio\bin;C:\Users\prith\OneDrive\Desktop\Working\ConsoleApp1\bin\Debug;C:\Users\prith\AppData\Roaming\npm;C:\Program Files\HP\HP One Agent;C:\Users\prith\Downloads\ngrok-v3-stable-windows-amd64;C:\Program Files\nodejs\;C:\Program Files\Git\cmd;C:\WINDOWS\system32;C:\WINDOWS;C:\WINDOWS\System32\Wbem;C:\WINDOWS\System32\WindowsPowerShell\v1.0\;C:\WINDOWS\System32\OpenSSH\;C:\Users\prith\.dotnet\tools;C:\Users\prith\AppData\Local\Programs\Microsoft VS Code\bin;C:\Users\prith\AppData\Roaming\npm;C:\Users\prith\AppData\Local\GitHubDesktop\bin;C:\Users\prith\AppData\Local\Microsoft\WindowsApps;
USERNAME=prith
OS=Windows_NT
PROCESSOR_IDENTIFIER=AMD64 Family 23 Model 104 Stepping 1, AuthenticAMD
TMP=C:\Users\prith\AppData\Local\Temp
TEMP=C:\Users\prith\AppData\Local\Temp



Periodic native trim disabled


---------------  S Y S T E M  ---------------

OS:
 Windows 11 , 64 bit Build 26100 (10.0.26100.3037)
OS uptime: 0 days 3:10 hours
Hyper-V role detected

CPU: total 8 (initial active 8) (8 cores per cpu, 2 threads per core) family 23 model 104 stepping 1 microcode 0x8608108, cx8, cmov, fxsr, ht, mmx, 3dnowpref, sse, sse2, sse3, ssse3, sse4a, sse4.1, sse4.2, popcnt, lzcnt, tsc, tscinvbit, avx, avx2, aes, clmul, bmi1, bmi2, adx, sha, fma, vzeroupper, clflush, clflushopt, hv
Processor Information for processor 0
  Max Mhz: 2600, Current Mhz: 2003, Mhz Limit: 2600
Processor Information for processor 1
  Max Mhz: 2600, Current Mhz: 2600, Mhz Limit: 2600
Processor Information for processor 2
  Max Mhz: 2600, Current Mhz: 2003, Mhz Limit: 2600
Processor Information for processor 3
  Max Mhz: 2600, Current Mhz: 2600, Mhz Limit: 2600
Processor Information for processor 4
  Max Mhz: 2600, Current Mhz: 2600, Mhz Limit: 2600
Processor Information for processor 5
  Max Mhz: 2600, Current Mhz: 2600, Mhz Limit: 2600
Processor Information for processor 6
  Max Mhz: 2600, Current Mhz: 2600, Mhz Limit: 2600
Processor Information for processor 7
  Max Mhz: 2600, Current Mhz: 2600, Mhz Limit: 2600

Memory: 4k page, system-wide physical 7502M (426M free)
TotalPageFile size 30030M (AvailPageFile size 2M)
current process WorkingSet (physical memory assigned to process): 11M, peak: 11M
current process commit charge ("private bytes"): 52M, peak: 53M

vm_info: OpenJDK 64-Bit Server VM (17.0.12+7-LTS) for windows-amd64 JRE (17.0.12+7-LTS), built on Jul 16 2024 18:11:44 by "MicrosoftCorporation" with unknown MS VC++:1939

END.
